[1004/153531.505:WARNING:dns_config_service_win.cc(668)] Failed to read DnsConfig.
[1004/153536.517:WARNING:dns_config_service_win.cc(668)] Failed to read DnsConfig.
[1004/153541.534:WARNING:dns_config_service_win.cc(668)] Failed to read DnsConfig.
[1004/153546.547:WARNING:dns_config_service_win.cc(668)] Failed to read DnsConfig.
[1004/153551.565:WARNING:dns_config_service_win.cc(668)] Failed to read DnsConfig.
[1004/153556.578:WARNING:dns_config_service_win.cc(668)] Failed to read DnsConfig.
[1004/153601.585:WARNING:dns_config_service_win.cc(668)] Failed to read DnsConfig.
[1004/153606.599:WARNING:dns_config_service_win.cc(668)] Failed to read DnsConfig.
[1004/153611.619:WARNING:dns_config_service_win.cc(668)] Failed to read DnsConfig.
[1004/153616.693:WARNING:dns_config_service_win.cc(668)] Failed to read DnsConfig.
[1004/153621.705:WARNING:dns_config_service_win.cc(668)] Failed to read DnsConfig.
[1004/153626.719:WARNING:dns_config_service_win.cc(668)] Failed to read DnsConfig.
[1004/153631.727:WARNING:dns_config_service_win.cc(668)] Failed to read DnsConfig.
[1004/153636.740:WARNING:dns_config_service_win.cc(668)] Failed to read DnsConfig.
[1004/153641.747:WARNING:dns_config_service_win.cc(668)] Failed to read DnsConfig.
[1004/153646.767:WARNING:dns_config_service_win.cc(668)] Failed to read DnsConfig.
[1004/153651.785:WARNING:dns_config_service_win.cc(668)] Failed to read DnsConfig.
[1004/153656.805:WARNING:dns_config_service_win.cc(668)] Failed to read DnsConfig.
[1004/153701.822:WARNING:dns_config_service_win.cc(668)] Failed to read DnsConfig.
[1004/153706.840:WARNING:dns_config_service_win.cc(668)] Failed to read DnsConfig.
[1004/153711.851:WARNING:dns_config_service_win.cc(668)] Failed to read DnsConfig.
[1004/153716.867:WARNING:dns_config_service_win.cc(668)] Failed to read DnsConfig.
[1004/153721.887:WARNING:dns_config_service_win.cc(668)] Failed to read DnsConfig.
[1004/153726.895:WARNING:dns_config_service_win.cc(668)] Failed to read DnsConfig.
[1004/153731.908:WARNING:dns_config_service_win.cc(668)] Failed to read DnsConfig.
[1004/153736.923:WARNING:dns_config_service_win.cc(668)] Failed to read DnsConfig.
[1004/153741.936:WARNING:dns_config_service_win.cc(668)] Failed to read DnsConfig.
[1004/153746.942:WARNING:dns_config_service_win.cc(668)] Failed to read DnsConfig.
[1004/153751.950:WARNING:dns_config_service_win.cc(668)] Failed to read DnsConfig.
[1004/153756.969:WARNING:dns_config_service_win.cc(668)] Failed to read DnsConfig.
[1004/153801.985:WARNING:dns_config_service_win.cc(668)] Failed to read DnsConfig.
[1004/153806.993:WARNING:dns_config_service_win.cc(668)] Failed to read DnsConfig.
[1004/153812.006:WARNING:dns_config_service_win.cc(668)] Failed to read DnsConfig.
[1004/153817.021:WARNING:dns_config_service_win.cc(668)] Failed to read DnsConfig.
[1004/153822.031:WARNING:dns_config_service_win.cc(668)] Failed to read DnsConfig.
[1004/153827.049:WARNING:dns_config_service_win.cc(668)] Failed to read DnsConfig.
[1004/153832.061:WARNING:dns_config_service_win.cc(668)] Failed to read DnsConfig.
[1004/153837.079:WARNING:dns_config_service_win.cc(668)] Failed to read DnsConfig.
[1004/153842.100:WARNING:dns_config_service_win.cc(668)] Failed to read DnsConfig.
[1004/153847.119:WARNING:dns_config_service_win.cc(668)] Failed to read DnsConfig.
[1004/153852.132:WARNING:dns_config_service_win.cc(668)] Failed to read DnsConfig.
[1004/153857.142:WARNING:dns_config_service_win.cc(668)] Failed to read DnsConfig.
[1004/153902.153:WARNING:dns_config_service_win.cc(668)] Failed to read DnsConfig.
[1004/153907.158:WARNING:dns_config_service_win.cc(668)] Failed to read DnsConfig.
[1004/153912.170:WARNING:dns_config_service_win.cc(668)] Failed to read DnsConfig.
[1004/153917.187:WARNING:dns_config_service_win.cc(668)] Failed to read DnsConfig.
[1004/153922.194:WARNING:dns_config_service_win.cc(668)] Failed to read DnsConfig.
[1004/153927.207:WARNING:dns_config_service_win.cc(668)] Failed to read DnsConfig.
[1004/153932.216:WARNING:dns_config_service_win.cc(668)] Failed to read DnsConfig.
[1004/153937.236:WARNING:dns_config_service_win.cc(668)] Failed to read DnsConfig.
[1004/153942.254:WARNING:dns_config_service_win.cc(668)] Failed to read DnsConfig.
[1004/153947.263:WARNING:dns_config_service_win.cc(668)] Failed to read DnsConfig.
[1004/153952.284:WARNING:dns_config_service_win.cc(668)] Failed to read DnsConfig.
[1004/153957.302:WARNING:dns_config_service_win.cc(668)] Failed to read DnsConfig.
[1004/154002.322:WARNING:dns_config_service_win.cc(668)] Failed to read DnsConfig.
[1004/154007.328:WARNING:dns_config_service_win.cc(668)] Failed to read DnsConfig.
[1004/154012.339:WARNING:dns_config_service_win.cc(668)] Failed to read DnsConfig.
[1004/154017.354:WARNING:dns_config_service_win.cc(668)] Failed to read DnsConfig.
[1004/154022.366:WARNING:dns_config_service_win.cc(668)] Failed to read DnsConfig.
[1004/154027.385:WARNING:dns_config_service_win.cc(668)] Failed to read DnsConfig.
[1004/154032.404:WARNING:dns_config_service_win.cc(668)] Failed to read DnsConfig.
[1004/154037.411:WARNING:dns_config_service_win.cc(668)] Failed to read DnsConfig.
[1004/154042.432:WARNING:dns_config_service_win.cc(668)] Failed to read DnsConfig.
[1004/154047.442:WARNING:dns_config_service_win.cc(668)] Failed to read DnsConfig.
[1004/154052.450:WARNING:dns_config_service_win.cc(668)] Failed to read DnsConfig.
[1004/154057.466:WARNING:dns_config_service_win.cc(668)] Failed to read DnsConfig.
[1004/154102.473:WARNING:dns_config_service_win.cc(668)] Failed to read DnsConfig.
[1004/154107.488:WARNING:dns_config_service_win.cc(668)] Failed to read DnsConfig.
[1004/154112.493:WARNING:dns_config_service_win.cc(668)] Failed to read DnsConfig.
[1004/154117.507:WARNING:dns_config_service_win.cc(668)] Failed to read DnsConfig.
[1004/154122.514:WARNING:dns_config_service_win.cc(668)] Failed to read DnsConfig.
[1004/154127.524:WARNING:dns_config_service_win.cc(668)] Failed to read DnsConfig.
[1004/154132.533:WARNING:dns_config_service_win.cc(668)] Failed to read DnsConfig.
[1004/154137.549:WARNING:dns_config_service_win.cc(668)] Failed to read DnsConfig.
[1004/154142.555:WARNING:dns_config_service_win.cc(668)] Failed to read DnsConfig.
[1004/154147.565:WARNING:dns_config_service_win.cc(668)] Failed to read DnsConfig.
[1004/154152.572:WARNING:dns_config_service_win.cc(668)] Failed to read DnsConfig.
[1004/154157.586:WARNING:dns_config_service_win.cc(668)] Failed to read DnsConfig.
[1004/154202.599:WARNING:dns_config_service_win.cc(668)] Failed to read DnsConfig.
[1004/154207.617:WARNING:dns_config_service_win.cc(668)] Failed to read DnsConfig.
[1004/154212.632:WARNING:dns_config_service_win.cc(668)] Failed to read DnsConfig.
[1004/154217.638:WARNING:dns_config_service_win.cc(668)] Failed to read DnsConfig.
[1004/154222.654:WARNING:dns_config_service_win.cc(668)] Failed to read DnsConfig.
[1004/154227.670:WARNING:dns_config_service_win.cc(668)] Failed to read DnsConfig.
[1004/154232.689:WARNING:dns_config_service_win.cc(668)] Failed to read DnsConfig.
[1004/154237.705:WARNING:dns_config_service_win.cc(668)] Failed to read DnsConfig.
[1004/160456.792:INFO:CONSOLE(1)] "Long rAF frame-time", source: file:///C:/Program%20Files/Adobe/Adobe%20Photoshop%202020/Required/www-rich-tooltips/build/external.js (1)
[1004/171006.725:ERROR:media_internals.cc(112)] Cannot get RenderProcessHost
[1119/163323.920:WARNING:angle_platform_impl.cc(52)] compileToBinary(230): 
C:\fakepath(57,8-58): warning X3571: pow(f, e) will not work for negative f, use abs(f) or conditionally handle negative values if you expect them
C:\fakepath(65,9-43): warning X3571: pow(f, e) will not work for negative f, use abs(f) or conditionally handle negative values if you expect them

[1120/040920.510:WARNING:angle_platform_impl.cc(52)] compileToBinary(230): 
C:\fakepath(57,8-58): warning X3571: pow(f, e) will not work for negative f, use abs(f) or conditionally handle negative values if you expect them
C:\fakepath(65,9-43): warning X3571: pow(f, e) will not work for negative f, use abs(f) or conditionally handle negative values if you expect them

[1120/044906.679:ERROR:local_storage_context_mojo.cc(706)] Lost connection to database
[1120/175348.944:WARNING:dns_config_service_win.cc(668)] Failed to read DnsConfig.
[1120/175353.961:WARNING:dns_config_service_win.cc(668)] Failed to read DnsConfig.
[1120/175358.978:WARNING:dns_config_service_win.cc(668)] Failed to read DnsConfig.
[1120/175403.994:WARNING:dns_config_service_win.cc(668)] Failed to read DnsConfig.
[1120/175409.002:WARNING:dns_config_service_win.cc(668)] Failed to read DnsConfig.
[1120/175414.007:WARNING:dns_config_service_win.cc(668)] Failed to read DnsConfig.
[1120/175419.019:WARNING:dns_config_service_win.cc(668)] Failed to read DnsConfig.
[1120/175424.036:WARNING:dns_config_service_win.cc(668)] Failed to read DnsConfig.
[1120/175429.047:WARNING:dns_config_service_win.cc(668)] Failed to read DnsConfig.
[1120/175434.061:WARNING:dns_config_service_win.cc(668)] Failed to read DnsConfig.
[1120/175439.074:WARNING:dns_config_service_win.cc(668)] Failed to read DnsConfig.
[1120/175444.093:WARNING:dns_config_service_win.cc(668)] Failed to read DnsConfig.
[1120/175449.114:WARNING:dns_config_service_win.cc(668)] Failed to read DnsConfig.
[1120/175454.150:WARNING:dns_config_service_win.cc(668)] Failed to read DnsConfig.
[1120/175459.164:WARNING:dns_config_service_win.cc(668)] Failed to read DnsConfig.
[1120/175504.180:WARNING:dns_config_service_win.cc(668)] Failed to read DnsConfig.
[1120/175509.197:WARNING:dns_config_service_win.cc(668)] Failed to read DnsConfig.
[1120/175514.217:WARNING:dns_config_service_win.cc(668)] Failed to read DnsConfig.
[1120/175519.232:WARNING:dns_config_service_win.cc(668)] Failed to read DnsConfig.
[1120/175524.262:WARNING:dns_config_service_win.cc(668)] Failed to read DnsConfig.
[1120/175529.274:WARNING:dns_config_service_win.cc(668)] Failed to read DnsConfig.
[1120/175534.297:WARNING:dns_config_service_win.cc(668)] Failed to read DnsConfig.
[1120/175539.301:WARNING:dns_config_service_win.cc(668)] Failed to read DnsConfig.
[1120/175544.320:WARNING:dns_config_service_win.cc(668)] Failed to read DnsConfig.
[1120/175549.326:WARNING:dns_config_service_win.cc(668)] Failed to read DnsConfig.
[1120/175554.334:WARNING:dns_config_service_win.cc(668)] Failed to read DnsConfig.
[1120/175559.354:WARNING:dns_config_service_win.cc(668)] Failed to read DnsConfig.
[1120/175604.362:WARNING:dns_config_service_win.cc(668)] Failed to read DnsConfig.
[1120/175609.369:WARNING:dns_config_service_win.cc(668)] Failed to read DnsConfig.
[1120/175614.380:WARNING:dns_config_service_win.cc(668)] Failed to read DnsConfig.
[1120/175619.394:WARNING:dns_config_service_win.cc(668)] Failed to read DnsConfig.
[1120/175624.408:WARNING:dns_config_service_win.cc(668)] Failed to read DnsConfig.
[1120/175629.417:WARNING:dns_config_service_win.cc(668)] Failed to read DnsConfig.
[1120/175634.427:WARNING:dns_config_service_win.cc(668)] Failed to read DnsConfig.
[1120/175639.447:WARNING:dns_config_service_win.cc(668)] Failed to read DnsConfig.
[1120/175644.463:WARNING:dns_config_service_win.cc(668)] Failed to read DnsConfig.
[1120/175649.481:WARNING:dns_config_service_win.cc(668)] Failed to read DnsConfig.
[1120/175654.494:WARNING:dns_config_service_win.cc(668)] Failed to read DnsConfig.
[1120/175659.512:WARNING:dns_config_service_win.cc(668)] Failed to read DnsConfig.
[1120/175704.528:WARNING:dns_config_service_win.cc(668)] Failed to read DnsConfig.
[1120/175709.545:WARNING:dns_config_service_win.cc(668)] Failed to read DnsConfig.
[1120/175714.561:WARNING:dns_config_service_win.cc(668)] Failed to read DnsConfig.
[1120/175719.573:WARNING:dns_config_service_win.cc(668)] Failed to read DnsConfig.
[1120/175724.593:WARNING:dns_config_service_win.cc(668)] Failed to read DnsConfig.
[1120/175729.606:WARNING:dns_config_service_win.cc(668)] Failed to read DnsConfig.
[1120/175734.624:WARNING:dns_config_service_win.cc(668)] Failed to read DnsConfig.
[1120/175739.640:WARNING:dns_config_service_win.cc(668)] Failed to read DnsConfig.
[1120/175744.655:WARNING:dns_config_service_win.cc(668)] Failed to read DnsConfig.
[1120/175749.674:WARNING:dns_config_service_win.cc(668)] Failed to read DnsConfig.
[1120/175754.684:WARNING:dns_config_service_win.cc(668)] Failed to read DnsConfig.
[1120/175759.691:WARNING:dns_config_service_win.cc(668)] Failed to read DnsConfig.
[1120/175804.705:WARNING:dns_config_service_win.cc(668)] Failed to read DnsConfig.
[1120/175809.720:WARNING:dns_config_service_win.cc(668)] Failed to read DnsConfig.
[1120/175814.733:WARNING:dns_config_service_win.cc(668)] Failed to read DnsConfig.
[1120/175819.745:WARNING:dns_config_service_win.cc(668)] Failed to read DnsConfig.
[1120/175824.763:WARNING:dns_config_service_win.cc(668)] Failed to read DnsConfig.
[1120/175829.773:WARNING:dns_config_service_win.cc(668)] Failed to read DnsConfig.
[1120/175834.784:WARNING:dns_config_service_win.cc(668)] Failed to read DnsConfig.
[1120/175839.793:WARNING:dns_config_service_win.cc(668)] Failed to read DnsConfig.
[1120/175844.799:WARNING:dns_config_service_win.cc(668)] Failed to read DnsConfig.
[1120/175849.815:WARNING:dns_config_service_win.cc(668)] Failed to read DnsConfig.
[1120/175854.822:WARNING:dns_config_service_win.cc(668)] Failed to read DnsConfig.
[1120/175859.835:WARNING:dns_config_service_win.cc(668)] Failed to read DnsConfig.
[1120/175904.850:WARNING:dns_config_service_win.cc(668)] Failed to read DnsConfig.
[1120/175909.859:WARNING:dns_config_service_win.cc(668)] Failed to read DnsConfig.
[1120/175914.878:WARNING:dns_config_service_win.cc(668)] Failed to read DnsConfig.
[1120/175919.891:WARNING:dns_config_service_win.cc(668)] Failed to read DnsConfig.
[1120/175924.903:WARNING:dns_config_service_win.cc(668)] Failed to read DnsConfig.
[1120/175929.912:WARNING:dns_config_service_win.cc(668)] Failed to read DnsConfig.
[1120/175934.928:WARNING:dns_config_service_win.cc(668)] Failed to read DnsConfig.
[1120/175939.934:WARNING:dns_config_service_win.cc(668)] Failed to read DnsConfig.
[1120/175944.949:WARNING:dns_config_service_win.cc(668)] Failed to read DnsConfig.
[1120/175949.957:WARNING:dns_config_service_win.cc(668)] Failed to read DnsConfig.
[1120/175954.969:WARNING:dns_config_service_win.cc(668)] Failed to read DnsConfig.
[1120/175959.977:WARNING:dns_config_service_win.cc(668)] Failed to read DnsConfig.
[1120/180004.982:WARNING:dns_config_service_win.cc(668)] Failed to read DnsConfig.
[1120/180009.990:WARNING:dns_config_service_win.cc(668)] Failed to read DnsConfig.
[1120/180015.008:WARNING:dns_config_service_win.cc(668)] Failed to read DnsConfig.
[1120/180020.026:WARNING:dns_config_service_win.cc(668)] Failed to read DnsConfig.
[1120/180025.032:WARNING:dns_config_service_win.cc(668)] Failed to read DnsConfig.
[1120/180030.052:WARNING:dns_config_service_win.cc(668)] Failed to read DnsConfig.
[1120/180035.059:WARNING:dns_config_service_win.cc(668)] Failed to read DnsConfig.
[1120/180040.079:WARNING:dns_config_service_win.cc(668)] Failed to read DnsConfig.
[1120/180045.087:WARNING:dns_config_service_win.cc(668)] Failed to read DnsConfig.
[1120/180050.103:WARNING:dns_config_service_win.cc(668)] Failed to read DnsConfig.
[1120/180055.112:WARNING:dns_config_service_win.cc(668)] Failed to read DnsConfig.
[1120/180100.124:WARNING:dns_config_service_win.cc(668)] Failed to read DnsConfig.
[1120/180105.130:WARNING:dns_config_service_win.cc(668)] Failed to read DnsConfig.
[1120/180110.142:WARNING:dns_config_service_win.cc(668)] Failed to read DnsConfig.
[1120/180115.161:WARNING:dns_config_service_win.cc(668)] Failed to read DnsConfig.
[1120/180120.167:WARNING:dns_config_service_win.cc(668)] Failed to read DnsConfig.
[1120/180125.174:WARNING:dns_config_service_win.cc(668)] Failed to read DnsConfig.
[1120/180130.189:WARNING:dns_config_service_win.cc(668)] Failed to read DnsConfig.
[1120/180135.195:WARNING:dns_config_service_win.cc(668)] Failed to read DnsConfig.
[1120/180140.212:WARNING:dns_config_service_win.cc(668)] Failed to read DnsConfig.
[1120/180145.224:WARNING:dns_config_service_win.cc(668)] Failed to read DnsConfig.
[1120/180150.239:WARNING:dns_config_service_win.cc(668)] Failed to read DnsConfig.
[1120/180155.258:WARNING:dns_config_service_win.cc(668)] Failed to read DnsConfig.
[1120/180200.276:WARNING:dns_config_service_win.cc(668)] Failed to read DnsConfig.
[1120/180205.293:WARNING:dns_config_service_win.cc(668)] Failed to read DnsConfig.
[1120/180210.302:WARNING:dns_config_service_win.cc(668)] Failed to read DnsConfig.
[1120/180215.321:WARNING:dns_config_service_win.cc(668)] Failed to read DnsConfig.
[1120/180220.332:WARNING:dns_config_service_win.cc(668)] Failed to read DnsConfig.
[1120/180225.338:WARNING:dns_config_service_win.cc(668)] Failed to read DnsConfig.
[1120/180230.352:WARNING:dns_config_service_win.cc(668)] Failed to read DnsConfig.
[1120/180235.358:WARNING:dns_config_service_win.cc(668)] Failed to read DnsConfig.
[1120/180240.364:WARNING:dns_config_service_win.cc(668)] Failed to read DnsConfig.
[1120/180245.374:WARNING:dns_config_service_win.cc(668)] Failed to read DnsConfig.
[1120/180250.380:WARNING:dns_config_service_win.cc(668)] Failed to read DnsConfig.
[1120/180255.392:WARNING:dns_config_service_win.cc(668)] Failed to read DnsConfig.
[1120/180300.411:WARNING:dns_config_service_win.cc(668)] Failed to read DnsConfig.
[1120/180305.418:WARNING:dns_config_service_win.cc(668)] Failed to read DnsConfig.
[1120/180310.427:WARNING:dns_config_service_win.cc(668)] Failed to read DnsConfig.
[1120/180315.447:WARNING:dns_config_service_win.cc(668)] Failed to read DnsConfig.
[1120/180320.467:WARNING:dns_config_service_win.cc(668)] Failed to read DnsConfig.
[1120/180325.486:WARNING:dns_config_service_win.cc(668)] Failed to read DnsConfig.
[1120/180330.498:WARNING:dns_config_service_win.cc(668)] Failed to read DnsConfig.
[1120/180335.511:WARNING:dns_config_service_win.cc(668)] Failed to read DnsConfig.
[1120/180340.528:WARNING:dns_config_service_win.cc(668)] Failed to read DnsConfig.
[1120/180345.535:WARNING:dns_config_service_win.cc(668)] Failed to read DnsConfig.
[1120/180350.544:WARNING:dns_config_service_win.cc(668)] Failed to read DnsConfig.
[1120/180355.559:WARNING:dns_config_service_win.cc(668)] Failed to read DnsConfig.
[1120/180400.565:WARNING:dns_config_service_win.cc(668)] Failed to read DnsConfig.
[1120/180405.581:WARNING:dns_config_service_win.cc(668)] Failed to read DnsConfig.
[1120/180410.597:WARNING:dns_config_service_win.cc(668)] Failed to read DnsConfig.
[1120/180415.609:WARNING:dns_config_service_win.cc(668)] Failed to read DnsConfig.
[1120/180420.628:WARNING:dns_config_service_win.cc(668)] Failed to read DnsConfig.
[1120/180425.645:WARNING:dns_config_service_win.cc(668)] Failed to read DnsConfig.
[1120/180430.657:WARNING:dns_config_service_win.cc(668)] Failed to read DnsConfig.
[1120/180435.674:WARNING:dns_config_service_win.cc(668)] Failed to read DnsConfig.
[1120/180440.682:WARNING:dns_config_service_win.cc(668)] Failed to read DnsConfig.
[1120/180445.707:WARNING:dns_config_service_win.cc(668)] Failed to read DnsConfig.
[1120/180450.726:WARNING:dns_config_service_win.cc(668)] Failed to read DnsConfig.
[1120/180455.741:WARNING:dns_config_service_win.cc(668)] Failed to read DnsConfig.
[1120/180500.759:WARNING:dns_config_service_win.cc(668)] Failed to read DnsConfig.
[1120/180505.776:WARNING:dns_config_service_win.cc(668)] Failed to read DnsConfig.
[1120/180510.788:WARNING:dns_config_service_win.cc(668)] Failed to read DnsConfig.
[1120/180515.801:WARNING:dns_config_service_win.cc(668)] Failed to read DnsConfig.
[1120/180520.816:WARNING:dns_config_service_win.cc(668)] Failed to read DnsConfig.
[1120/180525.826:WARNING:dns_config_service_win.cc(668)] Failed to read DnsConfig.
[1120/180530.836:WARNING:dns_config_service_win.cc(668)] Failed to read DnsConfig.
[1120/180535.843:WARNING:dns_config_service_win.cc(668)] Failed to read DnsConfig.
[1120/180540.862:WARNING:dns_config_service_win.cc(668)] Failed to read DnsConfig.
[1120/180545.876:WARNING:dns_config_service_win.cc(668)] Failed to read DnsConfig.
[1120/180550.893:WARNING:dns_config_service_win.cc(668)] Failed to read DnsConfig.
[1120/180555.906:WARNING:dns_config_service_win.cc(668)] Failed to read DnsConfig.
[1120/180600.915:WARNING:dns_config_service_win.cc(668)] Failed to read DnsConfig.
[1120/180605.925:WARNING:dns_config_service_win.cc(668)] Failed to read DnsConfig.
[1120/180610.942:WARNING:dns_config_service_win.cc(668)] Failed to read DnsConfig.
[1120/180615.951:WARNING:dns_config_service_win.cc(668)] Failed to read DnsConfig.
[1120/180620.961:WARNING:dns_config_service_win.cc(668)] Failed to read DnsConfig.
[1120/180625.980:WARNING:dns_config_service_win.cc(668)] Failed to read DnsConfig.
[1120/180631.001:WARNING:dns_config_service_win.cc(668)] Failed to read DnsConfig.
[1120/180636.017:WARNING:dns_config_service_win.cc(668)] Failed to read DnsConfig.
[1120/180641.033:WARNING:dns_config_service_win.cc(668)] Failed to read DnsConfig.
[1120/180646.038:WARNING:dns_config_service_win.cc(668)] Failed to read DnsConfig.
[1120/180651.044:WARNING:dns_config_service_win.cc(668)] Failed to read DnsConfig.
[1120/180656.063:WARNING:dns_config_service_win.cc(668)] Failed to read DnsConfig.
[1120/180701.079:WARNING:dns_config_service_win.cc(668)] Failed to read DnsConfig.
[1120/180706.100:WARNING:dns_config_service_win.cc(668)] Failed to read DnsConfig.
[1120/180711.106:WARNING:dns_config_service_win.cc(668)] Failed to read DnsConfig.
[1120/180716.119:WARNING:dns_config_service_win.cc(668)] Failed to read DnsConfig.
[1120/180721.132:WARNING:dns_config_service_win.cc(668)] Failed to read DnsConfig.
[1120/180726.139:WARNING:dns_config_service_win.cc(668)] Failed to read DnsConfig.
[1120/180731.155:WARNING:dns_config_service_win.cc(668)] Failed to read DnsConfig.
[1120/180736.165:WARNING:dns_config_service_win.cc(668)] Failed to read DnsConfig.
[1120/180741.184:WARNING:dns_config_service_win.cc(668)] Failed to read DnsConfig.
[1120/180746.201:WARNING:dns_config_service_win.cc(668)] Failed to read DnsConfig.
[1120/180751.220:WARNING:dns_config_service_win.cc(668)] Failed to read DnsConfig.
[1120/180756.232:WARNING:dns_config_service_win.cc(668)] Failed to read DnsConfig.
[1120/180801.238:WARNING:dns_config_service_win.cc(668)] Failed to read DnsConfig.
[1120/180806.244:WARNING:dns_config_service_win.cc(668)] Failed to read DnsConfig.
[1120/180811.251:WARNING:dns_config_service_win.cc(668)] Failed to read DnsConfig.
[1120/180816.260:WARNING:dns_config_service_win.cc(668)] Failed to read DnsConfig.
[1120/180821.268:WARNING:dns_config_service_win.cc(668)] Failed to read DnsConfig.
[1120/180826.279:WARNING:dns_config_service_win.cc(668)] Failed to read DnsConfig.
[1120/180831.295:WARNING:dns_config_service_win.cc(668)] Failed to read DnsConfig.
[1120/180836.311:WARNING:dns_config_service_win.cc(668)] Failed to read DnsConfig.
[1120/180841.329:WARNING:dns_config_service_win.cc(668)] Failed to read DnsConfig.
[1120/180846.344:WARNING:dns_config_service_win.cc(668)] Failed to read DnsConfig.
[1120/180851.363:WARNING:dns_config_service_win.cc(668)] Failed to read DnsConfig.
[1120/180856.378:WARNING:dns_config_service_win.cc(668)] Failed to read DnsConfig.
[1120/180901.385:WARNING:dns_config_service_win.cc(668)] Failed to read DnsConfig.
[1120/180906.400:WARNING:dns_config_service_win.cc(668)] Failed to read DnsConfig.
[1120/180911.410:WARNING:dns_config_service_win.cc(668)] Failed to read DnsConfig.
[1120/180916.417:WARNING:dns_config_service_win.cc(668)] Failed to read DnsConfig.
[1120/180921.434:WARNING:dns_config_service_win.cc(668)] Failed to read DnsConfig.
[1120/180926.447:WARNING:dns_config_service_win.cc(668)] Failed to read DnsConfig.
[1120/180931.452:WARNING:dns_config_service_win.cc(668)] Failed to read DnsConfig.
[1120/180936.473:WARNING:dns_config_service_win.cc(668)] Failed to read DnsConfig.
[1120/180941.485:WARNING:dns_config_service_win.cc(668)] Failed to read DnsConfig.
[1120/180946.494:WARNING:dns_config_service_win.cc(668)] Failed to read DnsConfig.
[1120/180951.510:WARNING:dns_config_service_win.cc(668)] Failed to read DnsConfig.
[1120/180956.518:WARNING:dns_config_service_win.cc(668)] Failed to read DnsConfig.
[1120/181001.526:WARNING:dns_config_service_win.cc(668)] Failed to read DnsConfig.
[1120/181006.545:WARNING:dns_config_service_win.cc(668)] Failed to read DnsConfig.
[1120/181011.565:WARNING:dns_config_service_win.cc(668)] Failed to read DnsConfig.
[1120/181016.579:WARNING:dns_config_service_win.cc(668)] Failed to read DnsConfig.
[1120/181021.590:WARNING:dns_config_service_win.cc(668)] Failed to read DnsConfig.
[1120/181026.603:WARNING:dns_config_service_win.cc(668)] Failed to read DnsConfig.
[1120/181031.616:WARNING:dns_config_service_win.cc(668)] Failed to read DnsConfig.
[1120/181036.633:WARNING:dns_config_service_win.cc(668)] Failed to read DnsConfig.
[1120/181041.643:WARNING:dns_config_service_win.cc(668)] Failed to read DnsConfig.
[1120/181046.651:WARNING:dns_config_service_win.cc(668)] Failed to read DnsConfig.
[1120/181051.670:WARNING:dns_config_service_win.cc(668)] Failed to read DnsConfig.
[1120/181056.679:WARNING:dns_config_service_win.cc(668)] Failed to read DnsConfig.
[1120/181101.691:WARNING:dns_config_service_win.cc(668)] Failed to read DnsConfig.
[1120/181106.702:WARNING:dns_config_service_win.cc(668)] Failed to read DnsConfig.
[1120/181111.720:WARNING:dns_config_service_win.cc(668)] Failed to read DnsConfig.
[1120/181116.730:WARNING:dns_config_service_win.cc(668)] Failed to read DnsConfig.
[1120/181121.741:WARNING:dns_config_service_win.cc(668)] Failed to read DnsConfig.
[1120/181126.758:WARNING:dns_config_service_win.cc(668)] Failed to read DnsConfig.
[1120/181131.774:WARNING:dns_config_service_win.cc(668)] Failed to read DnsConfig.
[1120/181136.786:WARNING:dns_config_service_win.cc(668)] Failed to read DnsConfig.
[1120/181141.807:WARNING:dns_config_service_win.cc(668)] Failed to read DnsConfig.
[1120/181146.812:WARNING:dns_config_service_win.cc(668)] Failed to read DnsConfig.
[1120/181151.826:WARNING:dns_config_service_win.cc(668)] Failed to read DnsConfig.
[1120/181156.844:WARNING:dns_config_service_win.cc(668)] Failed to read DnsConfig.
[1120/181201.854:WARNING:dns_config_service_win.cc(668)] Failed to read DnsConfig.
[1120/181206.872:WARNING:dns_config_service_win.cc(668)] Failed to read DnsConfig.
[1120/181211.892:WARNING:dns_config_service_win.cc(668)] Failed to read DnsConfig.
[1120/181216.908:WARNING:dns_config_service_win.cc(668)] Failed to read DnsConfig.
[1120/181221.921:WARNING:dns_config_service_win.cc(668)] Failed to read DnsConfig.
[1120/181226.933:WARNING:dns_config_service_win.cc(668)] Failed to read DnsConfig.
[1120/181231.953:WARNING:dns_config_service_win.cc(668)] Failed to read DnsConfig.
[1120/181236.973:WARNING:dns_config_service_win.cc(668)] Failed to read DnsConfig.
[1120/181241.989:WARNING:dns_config_service_win.cc(668)] Failed to read DnsConfig.
[1120/181247.009:WARNING:dns_config_service_win.cc(668)] Failed to read DnsConfig.
[1120/181252.019:WARNING:dns_config_service_win.cc(668)] Failed to read DnsConfig.
[1120/181257.034:WARNING:dns_config_service_win.cc(668)] Failed to read DnsConfig.
[1120/181302.057:WARNING:dns_config_service_win.cc(668)] Failed to read DnsConfig.
[1120/181307.078:WARNING:dns_config_service_win.cc(668)] Failed to read DnsConfig.
[1120/181312.098:WARNING:dns_config_service_win.cc(668)] Failed to read DnsConfig.
[1120/181317.112:WARNING:dns_config_service_win.cc(668)] Failed to read DnsConfig.
[1120/181322.118:WARNING:dns_config_service_win.cc(668)] Failed to read DnsConfig.
[1120/181327.127:WARNING:dns_config_service_win.cc(668)] Failed to read DnsConfig.
[1120/181332.132:WARNING:dns_config_service_win.cc(668)] Failed to read DnsConfig.
[1120/181337.140:WARNING:dns_config_service_win.cc(668)] Failed to read DnsConfig.
[1120/181342.153:WARNING:dns_config_service_win.cc(668)] Failed to read DnsConfig.
[1120/181347.160:WARNING:dns_config_service_win.cc(668)] Failed to read DnsConfig.
[1120/181352.171:WARNING:dns_config_service_win.cc(668)] Failed to read DnsConfig.
[1120/181357.182:WARNING:dns_config_service_win.cc(668)] Failed to read DnsConfig.
[1120/181402.187:WARNING:dns_config_service_win.cc(668)] Failed to read DnsConfig.
[1120/181407.202:WARNING:dns_config_service_win.cc(668)] Failed to read DnsConfig.
[1120/181412.217:WARNING:dns_config_service_win.cc(668)] Failed to read DnsConfig.
[1120/181417.232:WARNING:dns_config_service_win.cc(668)] Failed to read DnsConfig.
[1120/181422.247:WARNING:dns_config_service_win.cc(668)] Failed to read DnsConfig.
[1120/181427.259:WARNING:dns_config_service_win.cc(668)] Failed to read DnsConfig.
[1120/181432.271:WARNING:dns_config_service_win.cc(668)] Failed to read DnsConfig.
[1120/181437.277:WARNING:dns_config_service_win.cc(668)] Failed to read DnsConfig.
[1120/181442.296:WARNING:dns_config_service_win.cc(668)] Failed to read DnsConfig.
[1120/181447.310:WARNING:dns_config_service_win.cc(668)] Failed to read DnsConfig.
[1120/181452.331:WARNING:dns_config_service_win.cc(668)] Failed to read DnsConfig.
[1120/181457.341:WARNING:dns_config_service_win.cc(668)] Failed to read DnsConfig.
[1120/181502.352:WARNING:dns_config_service_win.cc(668)] Failed to read DnsConfig.
[1120/181507.370:WARNING:dns_config_service_win.cc(668)] Failed to read DnsConfig.
[1120/181512.375:WARNING:dns_config_service_win.cc(668)] Failed to read DnsConfig.
[1120/181517.397:WARNING:dns_config_service_win.cc(668)] Failed to read DnsConfig.
[1120/181522.408:WARNING:dns_config_service_win.cc(668)] Failed to read DnsConfig.
[1120/181527.416:WARNING:dns_config_service_win.cc(668)] Failed to read DnsConfig.
[1120/181532.424:WARNING:dns_config_service_win.cc(668)] Failed to read DnsConfig.
[1120/181537.437:WARNING:dns_config_service_win.cc(668)] Failed to read DnsConfig.
[1120/181542.456:WARNING:dns_config_service_win.cc(668)] Failed to read DnsConfig.
[1120/181547.476:WARNING:dns_config_service_win.cc(668)] Failed to read DnsConfig.
[1120/181552.493:WARNING:dns_config_service_win.cc(668)] Failed to read DnsConfig.
[1120/181557.502:WARNING:dns_config_service_win.cc(668)] Failed to read DnsConfig.
[1120/181602.516:WARNING:dns_config_service_win.cc(668)] Failed to read DnsConfig.
[1120/181607.527:WARNING:dns_config_service_win.cc(668)] Failed to read DnsConfig.
[1120/181612.536:WARNING:dns_config_service_win.cc(668)] Failed to read DnsConfig.
[1120/181617.561:WARNING:dns_config_service_win.cc(668)] Failed to read DnsConfig.
[1120/181622.570:WARNING:dns_config_service_win.cc(668)] Failed to read DnsConfig.
[1120/181627.577:WARNING:dns_config_service_win.cc(668)] Failed to read DnsConfig.
[1120/181632.586:WARNING:dns_config_service_win.cc(668)] Failed to read DnsConfig.
[1120/181637.591:WARNING:dns_config_service_win.cc(668)] Failed to read DnsConfig.
[1120/181642.604:WARNING:dns_config_service_win.cc(668)] Failed to read DnsConfig.
[1120/181647.622:WARNING:dns_config_service_win.cc(668)] Failed to read DnsConfig.
[1120/181652.639:WARNING:dns_config_service_win.cc(668)] Failed to read DnsConfig.
[1120/181657.654:WARNING:dns_config_service_win.cc(668)] Failed to read DnsConfig.
[1120/181702.662:WARNING:dns_config_service_win.cc(668)] Failed to read DnsConfig.
[1120/181707.679:WARNING:dns_config_service_win.cc(668)] Failed to read DnsConfig.
[1120/181712.687:WARNING:dns_config_service_win.cc(668)] Failed to read DnsConfig.
[1120/181717.703:WARNING:dns_config_service_win.cc(668)] Failed to read DnsConfig.
[1120/181722.713:WARNING:dns_config_service_win.cc(668)] Failed to read DnsConfig.
[1120/181727.731:WARNING:dns_config_service_win.cc(668)] Failed to read DnsConfig.
[1120/181732.742:WARNING:dns_config_service_win.cc(668)] Failed to read DnsConfig.
[1120/181737.749:WARNING:dns_config_service_win.cc(668)] Failed to read DnsConfig.
[1120/181742.760:WARNING:dns_config_service_win.cc(668)] Failed to read DnsConfig.
[1120/181747.781:WARNING:dns_config_service_win.cc(668)] Failed to read DnsConfig.
[1120/181752.794:WARNING:dns_config_service_win.cc(668)] Failed to read DnsConfig.
[1120/181757.808:WARNING:dns_config_service_win.cc(668)] Failed to read DnsConfig.
[1120/181802.815:WARNING:dns_config_service_win.cc(668)] Failed to read DnsConfig.
[1120/181807.824:WARNING:dns_config_service_win.cc(668)] Failed to read DnsConfig.
[1120/181812.831:WARNING:dns_config_service_win.cc(668)] Failed to read DnsConfig.
[1120/181817.845:WARNING:dns_config_service_win.cc(668)] Failed to read DnsConfig.
[1120/181822.855:WARNING:dns_config_service_win.cc(668)] Failed to read DnsConfig.
[1120/181827.864:WARNING:dns_config_service_win.cc(668)] Failed to read DnsConfig.
[1120/181832.880:WARNING:dns_config_service_win.cc(668)] Failed to read DnsConfig.
[1120/181837.897:WARNING:dns_config_service_win.cc(668)] Failed to read DnsConfig.
[1120/181842.906:WARNING:dns_config_service_win.cc(668)] Failed to read DnsConfig.
[1120/181847.911:WARNING:dns_config_service_win.cc(668)] Failed to read DnsConfig.
[1120/181852.939:WARNING:dns_config_service_win.cc(668)] Failed to read DnsConfig.
[1120/181857.957:WARNING:dns_config_service_win.cc(668)] Failed to read DnsConfig.
[1120/181902.978:WARNING:dns_config_service_win.cc(668)] Failed to read DnsConfig.
[1120/181907.998:WARNING:dns_config_service_win.cc(668)] Failed to read DnsConfig.
[1120/181913.015:WARNING:dns_config_service_win.cc(668)] Failed to read DnsConfig.
[1120/181918.028:WARNING:dns_config_service_win.cc(668)] Failed to read DnsConfig.
[1120/181923.041:WARNING:dns_config_service_win.cc(668)] Failed to read DnsConfig.
[1120/181928.058:WARNING:dns_config_service_win.cc(668)] Failed to read DnsConfig.
[1120/181933.072:WARNING:dns_config_service_win.cc(668)] Failed to read DnsConfig.
[1120/181938.081:WARNING:dns_config_service_win.cc(668)] Failed to read DnsConfig.
[1120/181943.099:WARNING:dns_config_service_win.cc(668)] Failed to read DnsConfig.
[1120/181948.109:WARNING:dns_config_service_win.cc(668)] Failed to read DnsConfig.
[1120/181953.120:WARNING:dns_config_service_win.cc(668)] Failed to read DnsConfig.
[1120/181958.131:WARNING:dns_config_service_win.cc(668)] Failed to read DnsConfig.
[1120/182003.140:WARNING:dns_config_service_win.cc(668)] Failed to read DnsConfig.
[1120/182008.150:WARNING:dns_config_service_win.cc(668)] Failed to read DnsConfig.
[1120/182013.161:WARNING:dns_config_service_win.cc(668)] Failed to read DnsConfig.
[1120/182018.177:WARNING:dns_config_service_win.cc(668)] Failed to read DnsConfig.
[1120/182023.183:WARNING:dns_config_service_win.cc(668)] Failed to read DnsConfig.
[1120/182028.195:WARNING:dns_config_service_win.cc(668)] Failed to read DnsConfig.
[1120/182033.206:WARNING:dns_config_service_win.cc(668)] Failed to read DnsConfig.
[1120/182038.214:WARNING:dns_config_service_win.cc(668)] Failed to read DnsConfig.
[1120/182043.227:WARNING:dns_config_service_win.cc(668)] Failed to read DnsConfig.
[1120/182048.247:WARNING:dns_config_service_win.cc(668)] Failed to read DnsConfig.
[1120/182053.265:WARNING:dns_config_service_win.cc(668)] Failed to read DnsConfig.
[1120/182058.284:WARNING:dns_config_service_win.cc(668)] Failed to read DnsConfig.
[1120/182103.295:WARNING:dns_config_service_win.cc(668)] Failed to read DnsConfig.
[1120/182108.312:WARNING:dns_config_service_win.cc(668)] Failed to read DnsConfig.
[1120/182113.328:WARNING:dns_config_service_win.cc(668)] Failed to read DnsConfig.
[1120/182118.343:WARNING:dns_config_service_win.cc(668)] Failed to read DnsConfig.
[1120/182123.361:WARNING:dns_config_service_win.cc(668)] Failed to read DnsConfig.
[1120/182128.377:WARNING:dns_config_service_win.cc(668)] Failed to read DnsConfig.
[1120/182133.394:WARNING:dns_config_service_win.cc(668)] Failed to read DnsConfig.
[1120/182138.408:WARNING:dns_config_service_win.cc(668)] Failed to read DnsConfig.
[1120/182143.425:WARNING:dns_config_service_win.cc(668)] Failed to read DnsConfig.
[1120/182148.431:WARNING:dns_config_service_win.cc(668)] Failed to read DnsConfig.
[1120/182153.440:WARNING:dns_config_service_win.cc(668)] Failed to read DnsConfig.
[1120/182158.450:WARNING:dns_config_service_win.cc(668)] Failed to read DnsConfig.
[1120/182203.468:WARNING:dns_config_service_win.cc(668)] Failed to read DnsConfig.
[1120/182208.476:WARNING:dns_config_service_win.cc(668)] Failed to read DnsConfig.
[1120/182213.490:WARNING:dns_config_service_win.cc(668)] Failed to read DnsConfig.
[1120/182218.503:WARNING:dns_config_service_win.cc(668)] Failed to read DnsConfig.
[1120/182223.523:WARNING:dns_config_service_win.cc(668)] Failed to read DnsConfig.
[1120/182228.536:WARNING:dns_config_service_win.cc(668)] Failed to read DnsConfig.
[1120/182233.543:WARNING:dns_config_service_win.cc(668)] Failed to read DnsConfig.
[1120/182238.558:WARNING:dns_config_service_win.cc(668)] Failed to read DnsConfig.
[1120/182243.564:WARNING:dns_config_service_win.cc(668)] Failed to read DnsConfig.
[1120/182248.573:WARNING:dns_config_service_win.cc(668)] Failed to read DnsConfig.
[1120/182253.586:WARNING:dns_config_service_win.cc(668)] Failed to read DnsConfig.
[1120/182258.593:WARNING:dns_config_service_win.cc(668)] Failed to read DnsConfig.
[1120/182303.613:WARNING:dns_config_service_win.cc(668)] Failed to read DnsConfig.
[1120/182308.620:WARNING:dns_config_service_win.cc(668)] Failed to read DnsConfig.
[1120/182313.638:WARNING:dns_config_service_win.cc(668)] Failed to read DnsConfig.
[1120/182318.654:WARNING:dns_config_service_win.cc(668)] Failed to read DnsConfig.
[1120/182323.675:WARNING:dns_config_service_win.cc(668)] Failed to read DnsConfig.
[1120/182328.684:WARNING:dns_config_service_win.cc(668)] Failed to read DnsConfig.
[1120/182333.699:WARNING:dns_config_service_win.cc(668)] Failed to read DnsConfig.
[1120/182338.709:WARNING:dns_config_service_win.cc(668)] Failed to read DnsConfig.
[1120/182343.717:WARNING:dns_config_service_win.cc(668)] Failed to read DnsConfig.
[1120/182348.725:WARNING:dns_config_service_win.cc(668)] Failed to read DnsConfig.
[1120/182353.738:WARNING:dns_config_service_win.cc(668)] Failed to read DnsConfig.
[1120/182358.742:WARNING:dns_config_service_win.cc(668)] Failed to read DnsConfig.
[1120/182403.749:WARNING:dns_config_service_win.cc(668)] Failed to read DnsConfig.
[1120/182408.762:WARNING:dns_config_service_win.cc(668)] Failed to read DnsConfig.
[1120/182413.781:WARNING:dns_config_service_win.cc(668)] Failed to read DnsConfig.
[1120/182418.788:WARNING:dns_config_service_win.cc(668)] Failed to read DnsConfig.
[1120/182423.807:WARNING:dns_config_service_win.cc(668)] Failed to read DnsConfig.
[1120/182428.823:WARNING:dns_config_service_win.cc(668)] Failed to read DnsConfig.
[1120/182433.840:WARNING:dns_config_service_win.cc(668)] Failed to read DnsConfig.
[1120/182438.847:WARNING:dns_config_service_win.cc(668)] Failed to read DnsConfig.
[1120/182443.865:WARNING:dns_config_service_win.cc(668)] Failed to read DnsConfig.
[1120/182448.874:WARNING:dns_config_service_win.cc(668)] Failed to read DnsConfig.
[1120/182453.881:WARNING:dns_config_service_win.cc(668)] Failed to read DnsConfig.
[1120/182458.888:WARNING:dns_config_service_win.cc(668)] Failed to read DnsConfig.
[1120/182503.907:WARNING:dns_config_service_win.cc(668)] Failed to read DnsConfig.
[1120/182508.917:WARNING:dns_config_service_win.cc(668)] Failed to read DnsConfig.
[1120/182513.922:WARNING:dns_config_service_win.cc(668)] Failed to read DnsConfig.
[1120/182518.937:WARNING:dns_config_service_win.cc(668)] Failed to read DnsConfig.
[1120/182523.956:WARNING:dns_config_service_win.cc(668)] Failed to read DnsConfig.
[1120/182528.975:WARNING:dns_config_service_win.cc(668)] Failed to read DnsConfig.
[1120/182533.985:WARNING:dns_config_service_win.cc(668)] Failed to read DnsConfig.
[1120/182539.005:WARNING:dns_config_service_win.cc(668)] Failed to read DnsConfig.
[1120/182544.020:WARNING:dns_config_service_win.cc(668)] Failed to read DnsConfig.
[1120/182549.043:WARNING:dns_config_service_win.cc(668)] Failed to read DnsConfig.
[1120/182554.062:WARNING:dns_config_service_win.cc(668)] Failed to read DnsConfig.
[1120/182559.076:WARNING:dns_config_service_win.cc(668)] Failed to read DnsConfig.
[1120/182604.094:WARNING:dns_config_service_win.cc(668)] Failed to read DnsConfig.
[1120/182609.102:WARNING:dns_config_service_win.cc(668)] Failed to read DnsConfig.
[1120/182614.110:WARNING:dns_config_service_win.cc(668)] Failed to read DnsConfig.
[1120/182619.126:WARNING:dns_config_service_win.cc(668)] Failed to read DnsConfig.
[1120/182624.141:WARNING:dns_config_service_win.cc(668)] Failed to read DnsConfig.
[1120/182629.162:WARNING:dns_config_service_win.cc(668)] Failed to read DnsConfig.
[1120/182634.174:WARNING:dns_config_service_win.cc(668)] Failed to read DnsConfig.
[1120/182639.190:WARNING:dns_config_service_win.cc(668)] Failed to read DnsConfig.
[1120/182644.203:WARNING:dns_config_service_win.cc(668)] Failed to read DnsConfig.
[1120/182649.214:WARNING:dns_config_service_win.cc(668)] Failed to read DnsConfig.
[1120/182654.230:WARNING:dns_config_service_win.cc(668)] Failed to read DnsConfig.
[1120/182659.249:WARNING:dns_config_service_win.cc(668)] Failed to read DnsConfig.
[1120/182704.267:WARNING:dns_config_service_win.cc(668)] Failed to read DnsConfig.
[1120/182709.273:WARNING:dns_config_service_win.cc(668)] Failed to read DnsConfig.
[1120/182714.288:WARNING:dns_config_service_win.cc(668)] Failed to read DnsConfig.
[1120/182719.300:WARNING:dns_config_service_win.cc(668)] Failed to read DnsConfig.
[1120/182724.318:WARNING:dns_config_service_win.cc(668)] Failed to read DnsConfig.
[1120/182729.329:WARNING:dns_config_service_win.cc(668)] Failed to read DnsConfig.
[1120/182734.341:WARNING:dns_config_service_win.cc(668)] Failed to read DnsConfig.
[1120/182739.354:WARNING:dns_config_service_win.cc(668)] Failed to read DnsConfig.
[1120/182744.374:WARNING:dns_config_service_win.cc(668)] Failed to read DnsConfig.
[1120/182749.386:WARNING:dns_config_service_win.cc(668)] Failed to read DnsConfig.
[1120/182754.399:WARNING:dns_config_service_win.cc(668)] Failed to read DnsConfig.
[1120/182759.407:WARNING:dns_config_service_win.cc(668)] Failed to read DnsConfig.
[1120/182804.423:WARNING:dns_config_service_win.cc(668)] Failed to read DnsConfig.
[1120/182809.448:WARNING:dns_config_service_win.cc(668)] Failed to read DnsConfig.
[1120/182814.456:WARNING:dns_config_service_win.cc(668)] Failed to read DnsConfig.
[1120/182819.466:WARNING:dns_config_service_win.cc(668)] Failed to read DnsConfig.
[1120/182824.479:WARNING:dns_config_service_win.cc(668)] Failed to read DnsConfig.
[1120/182829.490:WARNING:dns_config_service_win.cc(668)] Failed to read DnsConfig.
[1120/182834.508:WARNING:dns_config_service_win.cc(668)] Failed to read DnsConfig.
[1120/182839.527:WARNING:dns_config_service_win.cc(668)] Failed to read DnsConfig.
[1120/182844.539:WARNING:dns_config_service_win.cc(668)] Failed to read DnsConfig.
[1120/182849.562:WARNING:dns_config_service_win.cc(668)] Failed to read DnsConfig.
[1120/182854.587:WARNING:dns_config_service_win.cc(668)] Failed to read DnsConfig.
[1120/182859.612:WARNING:dns_config_service_win.cc(668)] Failed to read DnsConfig.
[1120/182904.623:WARNING:dns_config_service_win.cc(668)] Failed to read DnsConfig.
[1120/182909.633:WARNING:dns_config_service_win.cc(668)] Failed to read DnsConfig.
[1120/182914.644:WARNING:dns_config_service_win.cc(668)] Failed to read DnsConfig.
[1120/182919.662:WARNING:dns_config_service_win.cc(668)] Failed to read DnsConfig.
[1120/182924.675:WARNING:dns_config_service_win.cc(668)] Failed to read DnsConfig.
[1120/182929.685:WARNING:dns_config_service_win.cc(668)] Failed to read DnsConfig.
[1120/182934.701:WARNING:dns_config_service_win.cc(668)] Failed to read DnsConfig.
[1120/182939.711:WARNING:dns_config_service_win.cc(668)] Failed to read DnsConfig.
[1120/182944.726:WARNING:dns_config_service_win.cc(668)] Failed to read DnsConfig.
[1120/182949.744:WARNING:dns_config_service_win.cc(668)] Failed to read DnsConfig.
[1120/182954.754:WARNING:dns_config_service_win.cc(668)] Failed to read DnsConfig.
[1120/182959.773:WARNING:dns_config_service_win.cc(668)] Failed to read DnsConfig.
[1120/183004.787:WARNING:dns_config_service_win.cc(668)] Failed to read DnsConfig.
[1120/183009.793:WARNING:dns_config_service_win.cc(668)] Failed to read DnsConfig.
[1120/183014.800:WARNING:dns_config_service_win.cc(668)] Failed to read DnsConfig.
[1120/183019.814:WARNING:dns_config_service_win.cc(668)] Failed to read DnsConfig.
[1120/183024.827:WARNING:dns_config_service_win.cc(668)] Failed to read DnsConfig.
[1120/183029.845:WARNING:dns_config_service_win.cc(668)] Failed to read DnsConfig.
[1120/183034.863:WARNING:dns_config_service_win.cc(668)] Failed to read DnsConfig.
[1120/183039.881:WARNING:dns_config_service_win.cc(668)] Failed to read DnsConfig.
[1120/183044.894:WARNING:dns_config_service_win.cc(668)] Failed to read DnsConfig.
[1120/183049.911:WARNING:dns_config_service_win.cc(668)] Failed to read DnsConfig.
[1120/183054.923:WARNING:dns_config_service_win.cc(668)] Failed to read DnsConfig.
[1120/183059.930:WARNING:dns_config_service_win.cc(668)] Failed to read DnsConfig.
[1120/183104.937:WARNING:dns_config_service_win.cc(668)] Failed to read DnsConfig.
[1120/183109.943:WARNING:dns_config_service_win.cc(668)] Failed to read DnsConfig.
[1120/183114.954:WARNING:dns_config_service_win.cc(668)] Failed to read DnsConfig.
[1120/183119.966:WARNING:dns_config_service_win.cc(668)] Failed to read DnsConfig.
[1120/183124.979:WARNING:dns_config_service_win.cc(668)] Failed to read DnsConfig.
[1120/183129.996:WARNING:dns_config_service_win.cc(668)] Failed to read DnsConfig.
[1120/183135.004:WARNING:dns_config_service_win.cc(668)] Failed to read DnsConfig.
[1120/183140.014:WARNING:dns_config_service_win.cc(668)] Failed to read DnsConfig.
[1120/183145.030:WARNING:dns_config_service_win.cc(668)] Failed to read DnsConfig.
[1120/183150.047:WARNING:dns_config_service_win.cc(668)] Failed to read DnsConfig.
[1120/183155.052:WARNING:dns_config_service_win.cc(668)] Failed to read DnsConfig.
[1120/183200.062:WARNING:dns_config_service_win.cc(668)] Failed to read DnsConfig.
[1120/183205.075:WARNING:dns_config_service_win.cc(668)] Failed to read DnsConfig.
[1120/183210.085:WARNING:dns_config_service_win.cc(668)] Failed to read DnsConfig.
[1120/183215.103:WARNING:dns_config_service_win.cc(668)] Failed to read DnsConfig.
[1120/183220.122:WARNING:dns_config_service_win.cc(668)] Failed to read DnsConfig.
[1120/183225.133:WARNING:dns_config_service_win.cc(668)] Failed to read DnsConfig.
[1120/183230.139:WARNING:dns_config_service_win.cc(668)] Failed to read DnsConfig.
[1120/183235.153:WARNING:dns_config_service_win.cc(668)] Failed to read DnsConfig.
[1120/183240.159:WARNING:dns_config_service_win.cc(668)] Failed to read DnsConfig.
[1120/183245.168:WARNING:dns_config_service_win.cc(668)] Failed to read DnsConfig.
[1120/183250.180:WARNING:dns_config_service_win.cc(668)] Failed to read DnsConfig.
[1120/183255.193:WARNING:dns_config_service_win.cc(668)] Failed to read DnsConfig.
[1120/183300.209:WARNING:dns_config_service_win.cc(668)] Failed to read DnsConfig.
[1120/183305.221:WARNING:dns_config_service_win.cc(668)] Failed to read DnsConfig.
[1120/183310.238:WARNING:dns_config_service_win.cc(668)] Failed to read DnsConfig.
[1120/183315.250:WARNING:dns_config_service_win.cc(668)] Failed to read DnsConfig.
[1120/183320.265:WARNING:dns_config_service_win.cc(668)] Failed to read DnsConfig.
[1120/183325.275:WARNING:dns_config_service_win.cc(668)] Failed to read DnsConfig.
[1120/183330.298:WARNING:dns_config_service_win.cc(668)] Failed to read DnsConfig.
[1120/183335.318:WARNING:dns_config_service_win.cc(668)] Failed to read DnsConfig.
[1120/183340.333:WARNING:dns_config_service_win.cc(668)] Failed to read DnsConfig.
[1120/183345.352:WARNING:dns_config_service_win.cc(668)] Failed to read DnsConfig.
[1120/183350.356:WARNING:dns_config_service_win.cc(668)] Failed to read DnsConfig.
[1120/183355.374:WARNING:dns_config_service_win.cc(668)] Failed to read DnsConfig.
[1120/183400.381:WARNING:dns_config_service_win.cc(668)] Failed to read DnsConfig.
[1120/183405.395:WARNING:dns_config_service_win.cc(668)] Failed to read DnsConfig.
[1120/183410.412:WARNING:dns_config_service_win.cc(668)] Failed to read DnsConfig.
[1120/183415.429:WARNING:dns_config_service_win.cc(668)] Failed to read DnsConfig.
[1120/183420.442:WARNING:dns_config_service_win.cc(668)] Failed to read DnsConfig.
[1120/183425.458:WARNING:dns_config_service_win.cc(668)] Failed to read DnsConfig.
[1120/183430.472:WARNING:dns_config_service_win.cc(668)] Failed to read DnsConfig.
[1120/183435.478:WARNING:dns_config_service_win.cc(668)] Failed to read DnsConfig.
[1120/183440.485:WARNING:dns_config_service_win.cc(668)] Failed to read DnsConfig.
[1120/183445.488:WARNING:dns_config_service_win.cc(668)] Failed to read DnsConfig.
[1120/183450.497:WARNING:dns_config_service_win.cc(668)] Failed to read DnsConfig.
[1120/183455.514:WARNING:dns_config_service_win.cc(668)] Failed to read DnsConfig.
[1120/183500.528:WARNING:dns_config_service_win.cc(668)] Failed to read DnsConfig.
[1120/183505.542:WARNING:dns_config_service_win.cc(668)] Failed to read DnsConfig.
[1120/183510.559:WARNING:dns_config_service_win.cc(668)] Failed to read DnsConfig.
[1120/183515.577:WARNING:dns_config_service_win.cc(668)] Failed to read DnsConfig.
[1120/183520.592:WARNING:dns_config_service_win.cc(668)] Failed to read DnsConfig.
[1120/183525.601:WARNING:dns_config_service_win.cc(668)] Failed to read DnsConfig.
[1120/183530.617:WARNING:dns_config_service_win.cc(668)] Failed to read DnsConfig.
[1120/183535.628:WARNING:dns_config_service_win.cc(668)] Failed to read DnsConfig.
[1120/183540.647:WARNING:dns_config_service_win.cc(668)] Failed to read DnsConfig.
[1120/183545.654:WARNING:dns_config_service_win.cc(668)] Failed to read DnsConfig.
[1120/183550.672:WARNING:dns_config_service_win.cc(668)] Failed to read DnsConfig.
[1120/183555.691:WARNING:dns_config_service_win.cc(668)] Failed to read DnsConfig.
[1120/183600.702:WARNING:dns_config_service_win.cc(668)] Failed to read DnsConfig.
[1120/183605.713:WARNING:dns_config_service_win.cc(668)] Failed to read DnsConfig.
[1120/183610.732:WARNING:dns_config_service_win.cc(668)] Failed to read DnsConfig.
[1120/183615.753:WARNING:dns_config_service_win.cc(668)] Failed to read DnsConfig.
[1120/183620.772:WARNING:dns_config_service_win.cc(668)] Failed to read DnsConfig.
[1120/183625.794:WARNING:dns_config_service_win.cc(668)] Failed to read DnsConfig.
[1120/183630.810:WARNING:dns_config_service_win.cc(668)] Failed to read DnsConfig.
[1120/183635.815:WARNING:dns_config_service_win.cc(668)] Failed to read DnsConfig.
[1120/183640.834:WARNING:dns_config_service_win.cc(668)] Failed to read DnsConfig.
[1120/183645.841:WARNING:dns_config_service_win.cc(668)] Failed to read DnsConfig.
[1120/183650.855:WARNING:dns_config_service_win.cc(668)] Failed to read DnsConfig.
[1120/183655.862:WARNING:dns_config_service_win.cc(668)] Failed to read DnsConfig.
[1120/183700.871:WARNING:dns_config_service_win.cc(668)] Failed to read DnsConfig.
[1120/183705.890:WARNING:dns_config_service_win.cc(668)] Failed to read DnsConfig.
[1120/183710.907:WARNING:dns_config_service_win.cc(668)] Failed to read DnsConfig.
[1120/183715.924:WARNING:dns_config_service_win.cc(668)] Failed to read DnsConfig.
[1120/183720.933:WARNING:dns_config_service_win.cc(668)] Failed to read DnsConfig.
[1120/183725.948:WARNING:dns_config_service_win.cc(668)] Failed to read DnsConfig.
[1120/183730.954:WARNING:dns_config_service_win.cc(668)] Failed to read DnsConfig.
[1120/183735.966:WARNING:dns_config_service_win.cc(668)] Failed to read DnsConfig.
[1120/183740.984:WARNING:dns_config_service_win.cc(668)] Failed to read DnsConfig.
[1120/183746.000:WARNING:dns_config_service_win.cc(668)] Failed to read DnsConfig.
[1120/183751.016:WARNING:dns_config_service_win.cc(668)] Failed to read DnsConfig.
[1120/183756.024:WARNING:dns_config_service_win.cc(668)] Failed to read DnsConfig.
[1120/183801.042:WARNING:dns_config_service_win.cc(668)] Failed to read DnsConfig.
[1120/183806.056:WARNING:dns_config_service_win.cc(668)] Failed to read DnsConfig.
[1120/183811.071:WARNING:dns_config_service_win.cc(668)] Failed to read DnsConfig.
[1120/183816.087:WARNING:dns_config_service_win.cc(668)] Failed to read DnsConfig.
[1120/183821.105:WARNING:dns_config_service_win.cc(668)] Failed to read DnsConfig.
[1120/183826.117:WARNING:dns_config_service_win.cc(668)] Failed to read DnsConfig.
[1120/183831.137:WARNING:dns_config_service_win.cc(668)] Failed to read DnsConfig.
[1120/183836.146:WARNING:dns_config_service_win.cc(668)] Failed to read DnsConfig.
[1120/183841.163:WARNING:dns_config_service_win.cc(668)] Failed to read DnsConfig.
[1120/183846.176:WARNING:dns_config_service_win.cc(668)] Failed to read DnsConfig.
[1120/183851.188:WARNING:dns_config_service_win.cc(668)] Failed to read DnsConfig.
[1120/183856.204:WARNING:dns_config_service_win.cc(668)] Failed to read DnsConfig.
[1120/183901.220:WARNING:dns_config_service_win.cc(668)] Failed to read DnsConfig.
[1120/183906.228:WARNING:dns_config_service_win.cc(668)] Failed to read DnsConfig.
[1120/183911.241:WARNING:dns_config_service_win.cc(668)] Failed to read DnsConfig.
[1120/183916.260:WARNING:dns_config_service_win.cc(668)] Failed to read DnsConfig.
[1120/183921.271:WARNING:dns_config_service_win.cc(668)] Failed to read DnsConfig.
[1120/183926.279:WARNING:dns_config_service_win.cc(668)] Failed to read DnsConfig.
[1120/183931.298:WARNING:dns_config_service_win.cc(668)] Failed to read DnsConfig.
[1120/183936.313:WARNING:dns_config_service_win.cc(668)] Failed to read DnsConfig.
[1120/183941.319:WARNING:dns_config_service_win.cc(668)] Failed to read DnsConfig.
[1120/183946.330:WARNING:dns_config_service_win.cc(668)] Failed to read DnsConfig.
[1120/183951.350:WARNING:dns_config_service_win.cc(668)] Failed to read DnsConfig.
[1120/183956.358:WARNING:dns_config_service_win.cc(668)] Failed to read DnsConfig.
[1120/184001.366:WARNING:dns_config_service_win.cc(668)] Failed to read DnsConfig.
[1120/184006.384:WARNING:dns_config_service_win.cc(668)] Failed to read DnsConfig.
[1120/184011.403:WARNING:dns_config_service_win.cc(668)] Failed to read DnsConfig.
[1120/184016.409:WARNING:dns_config_service_win.cc(668)] Failed to read DnsConfig.
[1120/184021.418:WARNING:dns_config_service_win.cc(668)] Failed to read DnsConfig.
[1120/184026.430:WARNING:dns_config_service_win.cc(668)] Failed to read DnsConfig.
[1120/184031.435:WARNING:dns_config_service_win.cc(668)] Failed to read DnsConfig.
[1120/184036.444:WARNING:dns_config_service_win.cc(668)] Failed to read DnsConfig.
[1120/184041.457:WARNING:dns_config_service_win.cc(668)] Failed to read DnsConfig.
[1120/184046.469:WARNING:dns_config_service_win.cc(668)] Failed to read DnsConfig.
[1120/184051.480:WARNING:dns_config_service_win.cc(668)] Failed to read DnsConfig.
[1120/184056.486:WARNING:dns_config_service_win.cc(668)] Failed to read DnsConfig.
[1120/184101.503:WARNING:dns_config_service_win.cc(668)] Failed to read DnsConfig.
[1120/184106.515:WARNING:dns_config_service_win.cc(668)] Failed to read DnsConfig.
[1120/184111.526:WARNING:dns_config_service_win.cc(668)] Failed to read DnsConfig.
[1120/184116.540:WARNING:dns_config_service_win.cc(668)] Failed to read DnsConfig.
[1120/184121.557:WARNING:dns_config_service_win.cc(668)] Failed to read DnsConfig.
[1120/184126.573:WARNING:dns_config_service_win.cc(668)] Failed to read DnsConfig.
[1120/184131.585:WARNING:dns_config_service_win.cc(668)] Failed to read DnsConfig.
[1120/184136.602:WARNING:dns_config_service_win.cc(668)] Failed to read DnsConfig.
[1120/184141.618:WARNING:dns_config_service_win.cc(668)] Failed to read DnsConfig.
[1120/184146.624:WARNING:dns_config_service_win.cc(668)] Failed to read DnsConfig.
[1120/184151.638:WARNING:dns_config_service_win.cc(668)] Failed to read DnsConfig.
[1120/184156.654:WARNING:dns_config_service_win.cc(668)] Failed to read DnsConfig.
[1120/184201.674:WARNING:dns_config_service_win.cc(668)] Failed to read DnsConfig.
[1120/184206.688:WARNING:dns_config_service_win.cc(668)] Failed to read DnsConfig.
[1120/184211.700:WARNING:dns_config_service_win.cc(668)] Failed to read DnsConfig.
[1120/184216.709:WARNING:dns_config_service_win.cc(668)] Failed to read DnsConfig.
[1120/184221.722:WARNING:dns_config_service_win.cc(668)] Failed to read DnsConfig.
[1120/184226.735:WARNING:dns_config_service_win.cc(668)] Failed to read DnsConfig.
[1120/184231.753:WARNING:dns_config_service_win.cc(668)] Failed to read DnsConfig.
[1120/184236.762:WARNING:dns_config_service_win.cc(668)] Failed to read DnsConfig.
[1120/184241.768:WARNING:dns_config_service_win.cc(668)] Failed to read DnsConfig.
[1120/184246.793:WARNING:dns_config_service_win.cc(668)] Failed to read DnsConfig.
[1120/184251.809:WARNING:dns_config_service_win.cc(668)] Failed to read DnsConfig.
[1120/184256.821:WARNING:dns_config_service_win.cc(668)] Failed to read DnsConfig.
[1120/184301.841:WARNING:dns_config_service_win.cc(668)] Failed to read DnsConfig.
[1120/184306.849:WARNING:dns_config_service_win.cc(668)] Failed to read DnsConfig.
[1120/184311.868:WARNING:dns_config_service_win.cc(668)] Failed to read DnsConfig.
[1120/184316.875:WARNING:dns_config_service_win.cc(668)] Failed to read DnsConfig.
[1120/184321.882:WARNING:dns_config_service_win.cc(668)] Failed to read DnsConfig.
[1120/184326.896:WARNING:dns_config_service_win.cc(668)] Failed to read DnsConfig.
[1120/184331.914:WARNING:dns_config_service_win.cc(668)] Failed to read DnsConfig.
[1120/184336.933:WARNING:dns_config_service_win.cc(668)] Failed to read DnsConfig.
[1120/184341.951:WARNING:dns_config_service_win.cc(668)] Failed to read DnsConfig.
[1120/184346.962:WARNING:dns_config_service_win.cc(668)] Failed to read DnsConfig.
[1120/184351.973:WARNING:dns_config_service_win.cc(668)] Failed to read DnsConfig.
[1120/184356.979:WARNING:dns_config_service_win.cc(668)] Failed to read DnsConfig.
[1120/184401.993:WARNING:dns_config_service_win.cc(668)] Failed to read DnsConfig.
[1120/184407.004:WARNING:dns_config_service_win.cc(668)] Failed to read DnsConfig.
[1120/184412.021:WARNING:dns_config_service_win.cc(668)] Failed to read DnsConfig.
[1120/184417.030:WARNING:dns_config_service_win.cc(668)] Failed to read DnsConfig.
[1120/184422.040:WARNING:dns_config_service_win.cc(668)] Failed to read DnsConfig.
[1120/184427.048:WARNING:dns_config_service_win.cc(668)] Failed to read DnsConfig.
[1120/184432.060:WARNING:dns_config_service_win.cc(668)] Failed to read DnsConfig.
[1120/184437.069:WARNING:dns_config_service_win.cc(668)] Failed to read DnsConfig.
[1120/184442.089:WARNING:dns_config_service_win.cc(668)] Failed to read DnsConfig.
[1120/184447.107:WARNING:dns_config_service_win.cc(668)] Failed to read DnsConfig.
[1120/184452.117:WARNING:dns_config_service_win.cc(668)] Failed to read DnsConfig.
[1120/184457.130:WARNING:dns_config_service_win.cc(668)] Failed to read DnsConfig.
[1120/184502.142:WARNING:dns_config_service_win.cc(668)] Failed to read DnsConfig.
[1120/184507.151:WARNING:dns_config_service_win.cc(668)] Failed to read DnsConfig.
[1120/184512.160:WARNING:dns_config_service_win.cc(668)] Failed to read DnsConfig.
[1120/184517.171:WARNING:dns_config_service_win.cc(668)] Failed to read DnsConfig.
[1120/184522.191:WARNING:dns_config_service_win.cc(668)] Failed to read DnsConfig.
[1120/184527.202:WARNING:dns_config_service_win.cc(668)] Failed to read DnsConfig.
[1120/184532.219:WARNING:dns_config_service_win.cc(668)] Failed to read DnsConfig.
[1120/184537.227:WARNING:dns_config_service_win.cc(668)] Failed to read DnsConfig.
[1120/184542.236:WARNING:dns_config_service_win.cc(668)] Failed to read DnsConfig.
[1120/184547.247:WARNING:dns_config_service_win.cc(668)] Failed to read DnsConfig.
[1120/184552.261:WARNING:dns_config_service_win.cc(668)] Failed to read DnsConfig.
[1120/184557.272:WARNING:dns_config_service_win.cc(668)] Failed to read DnsConfig.
[1120/184602.290:WARNING:dns_config_service_win.cc(668)] Failed to read DnsConfig.
[1120/184607.302:WARNING:dns_config_service_win.cc(668)] Failed to read DnsConfig.
[1120/184612.316:WARNING:dns_config_service_win.cc(668)] Failed to read DnsConfig.
[1120/184617.328:WARNING:dns_config_service_win.cc(668)] Failed to read DnsConfig.
[1120/184622.343:WARNING:dns_config_service_win.cc(668)] Failed to read DnsConfig.
[1120/184627.354:WARNING:dns_config_service_win.cc(668)] Failed to read DnsConfig.
[1120/184632.364:WARNING:dns_config_service_win.cc(668)] Failed to read DnsConfig.
[1120/184637.382:WARNING:dns_config_service_win.cc(668)] Failed to read DnsConfig.
[1120/184642.391:WARNING:dns_config_service_win.cc(668)] Failed to read DnsConfig.
[1120/184647.404:WARNING:dns_config_service_win.cc(668)] Failed to read DnsConfig.
[1120/184652.420:WARNING:dns_config_service_win.cc(668)] Failed to read DnsConfig.
[1120/184657.432:WARNING:dns_config_service_win.cc(668)] Failed to read DnsConfig.
[1120/184702.448:WARNING:dns_config_service_win.cc(668)] Failed to read DnsConfig.
[1120/184707.464:WARNING:dns_config_service_win.cc(668)] Failed to read DnsConfig.
[1120/184712.479:WARNING:dns_config_service_win.cc(668)] Failed to read DnsConfig.
[1120/184717.488:WARNING:dns_config_service_win.cc(668)] Failed to read DnsConfig.
[1120/184722.501:WARNING:dns_config_service_win.cc(668)] Failed to read DnsConfig.
[1120/184727.507:WARNING:dns_config_service_win.cc(668)] Failed to read DnsConfig.
[1120/184732.522:WARNING:dns_config_service_win.cc(668)] Failed to read DnsConfig.
[1120/184737.536:WARNING:dns_config_service_win.cc(668)] Failed to read DnsConfig.
[1120/184742.561:WARNING:dns_config_service_win.cc(668)] Failed to read DnsConfig.
[1120/184747.593:WARNING:dns_config_service_win.cc(668)] Failed to read DnsConfig.
[1120/184752.618:WARNING:dns_config_service_win.cc(668)] Failed to read DnsConfig.
[1120/184757.643:WARNING:dns_config_service_win.cc(668)] Failed to read DnsConfig.
[1120/184802.668:WARNING:dns_config_service_win.cc(668)] Failed to read DnsConfig.
[1120/184807.685:WARNING:dns_config_service_win.cc(668)] Failed to read DnsConfig.
[1120/184812.711:WARNING:dns_config_service_win.cc(668)] Failed to read DnsConfig.
[1120/184817.738:WARNING:dns_config_service_win.cc(668)] Failed to read DnsConfig.
[1120/184822.763:WARNING:dns_config_service_win.cc(668)] Failed to read DnsConfig.
[1120/184827.774:WARNING:dns_config_service_win.cc(668)] Failed to read DnsConfig.
[1120/184832.808:WARNING:dns_config_service_win.cc(668)] Failed to read DnsConfig.
[1120/184837.818:WARNING:dns_config_service_win.cc(668)] Failed to read DnsConfig.
[1120/184842.826:WARNING:dns_config_service_win.cc(668)] Failed to read DnsConfig.
[1120/184847.846:WARNING:dns_config_service_win.cc(668)] Failed to read DnsConfig.
[1120/184852.862:WARNING:dns_config_service_win.cc(668)] Failed to read DnsConfig.
[1120/184857.888:WARNING:dns_config_service_win.cc(668)] Failed to read DnsConfig.
[1120/184902.905:WARNING:dns_config_service_win.cc(668)] Failed to read DnsConfig.
[1120/184907.909:WARNING:dns_config_service_win.cc(668)] Failed to read DnsConfig.
[1120/184912.933:WARNING:dns_config_service_win.cc(668)] Failed to read DnsConfig.
[1120/184917.953:WARNING:dns_config_service_win.cc(668)] Failed to read DnsConfig.
[1120/184922.978:WARNING:dns_config_service_win.cc(668)] Failed to read DnsConfig.
[1120/184927.997:WARNING:dns_config_service_win.cc(668)] Failed to read DnsConfig.
[1120/184933.004:WARNING:dns_config_service_win.cc(668)] Failed to read DnsConfig.
[1120/184938.030:WARNING:dns_config_service_win.cc(668)] Failed to read DnsConfig.
[1120/184943.060:WARNING:dns_config_service_win.cc(668)] Failed to read DnsConfig.
[1120/184948.071:WARNING:dns_config_service_win.cc(668)] Failed to read DnsConfig.
[1120/184953.116:WARNING:dns_config_service_win.cc(668)] Failed to read DnsConfig.
[1120/184958.126:WARNING:dns_config_service_win.cc(668)] Failed to read DnsConfig.
[1120/185003.139:WARNING:dns_config_service_win.cc(668)] Failed to read DnsConfig.
[1120/185008.151:WARNING:dns_config_service_win.cc(668)] Failed to read DnsConfig.
[1120/185013.161:WARNING:dns_config_service_win.cc(668)] Failed to read DnsConfig.
[1120/185018.178:WARNING:dns_config_service_win.cc(668)] Failed to read DnsConfig.
[1120/185023.190:WARNING:dns_config_service_win.cc(668)] Failed to read DnsConfig.
[1120/185028.205:WARNING:dns_config_service_win.cc(668)] Failed to read DnsConfig.
[1120/185033.214:WARNING:dns_config_service_win.cc(668)] Failed to read DnsConfig.
[1120/185038.228:WARNING:dns_config_service_win.cc(668)] Failed to read DnsConfig.
[1120/185043.242:WARNING:dns_config_service_win.cc(668)] Failed to read DnsConfig.
[1120/185048.257:WARNING:dns_config_service_win.cc(668)] Failed to read DnsConfig.
[1120/185053.269:WARNING:dns_config_service_win.cc(668)] Failed to read DnsConfig.
[1120/185058.282:WARNING:dns_config_service_win.cc(668)] Failed to read DnsConfig.
[1120/185103.300:WARNING:dns_config_service_win.cc(668)] Failed to read DnsConfig.
[1120/185108.308:WARNING:dns_config_service_win.cc(668)] Failed to read DnsConfig.
[1120/185113.328:WARNING:dns_config_service_win.cc(668)] Failed to read DnsConfig.
[1120/185118.336:WARNING:dns_config_service_win.cc(668)] Failed to read DnsConfig.
[1120/185123.346:WARNING:dns_config_service_win.cc(668)] Failed to read DnsConfig.
[1120/185128.365:WARNING:dns_config_service_win.cc(668)] Failed to read DnsConfig.
[1120/185133.376:WARNING:dns_config_service_win.cc(668)] Failed to read DnsConfig.
[1120/185138.388:WARNING:dns_config_service_win.cc(668)] Failed to read DnsConfig.
[1120/185143.406:WARNING:dns_config_service_win.cc(668)] Failed to read DnsConfig.
[1120/185148.425:WARNING:dns_config_service_win.cc(668)] Failed to read DnsConfig.
[1120/185153.439:WARNING:dns_config_service_win.cc(668)] Failed to read DnsConfig.
[1120/185158.449:WARNING:dns_config_service_win.cc(668)] Failed to read DnsConfig.
[1120/185203.469:WARNING:dns_config_service_win.cc(668)] Failed to read DnsConfig.
[1120/185208.476:WARNING:dns_config_service_win.cc(668)] Failed to read DnsConfig.
[1120/185213.497:WARNING:dns_config_service_win.cc(668)] Failed to read DnsConfig.
[1120/185218.506:WARNING:dns_config_service_win.cc(668)] Failed to read DnsConfig.
[1120/185223.517:WARNING:dns_config_service_win.cc(668)] Failed to read DnsConfig.
[1120/185228.526:WARNING:dns_config_service_win.cc(668)] Failed to read DnsConfig.
[1120/185233.537:WARNING:dns_config_service_win.cc(668)] Failed to read DnsConfig.
[1120/185238.546:WARNING:dns_config_service_win.cc(668)] Failed to read DnsConfig.
[1120/185243.556:WARNING:dns_config_service_win.cc(668)] Failed to read DnsConfig.
[1120/185248.580:WARNING:dns_config_service_win.cc(668)] Failed to read DnsConfig.
[1120/185253.590:WARNING:dns_config_service_win.cc(668)] Failed to read DnsConfig.
[1120/185258.600:WARNING:dns_config_service_win.cc(668)] Failed to read DnsConfig.
[1120/185303.610:WARNING:dns_config_service_win.cc(668)] Failed to read DnsConfig.
[1120/185308.623:WARNING:dns_config_service_win.cc(668)] Failed to read DnsConfig.
[1120/185313.632:WARNING:dns_config_service_win.cc(668)] Failed to read DnsConfig.
[1120/185318.637:WARNING:dns_config_service_win.cc(668)] Failed to read DnsConfig.
[1120/185323.653:WARNING:dns_config_service_win.cc(668)] Failed to read DnsConfig.
[1120/185328.669:WARNING:dns_config_service_win.cc(668)] Failed to read DnsConfig.
[1120/185333.680:WARNING:dns_config_service_win.cc(668)] Failed to read DnsConfig.
[1120/185338.686:WARNING:dns_config_service_win.cc(668)] Failed to read DnsConfig.
[1120/185343.700:WARNING:dns_config_service_win.cc(668)] Failed to read DnsConfig.
[1120/185348.708:WARNING:dns_config_service_win.cc(668)] Failed to read DnsConfig.
[1120/185353.720:WARNING:dns_config_service_win.cc(668)] Failed to read DnsConfig.
[1120/185358.741:WARNING:dns_config_service_win.cc(668)] Failed to read DnsConfig.
[1120/185403.758:WARNING:dns_config_service_win.cc(668)] Failed to read DnsConfig.
[1120/185408.775:WARNING:dns_config_service_win.cc(668)] Failed to read DnsConfig.
[1120/185413.795:WARNING:dns_config_service_win.cc(668)] Failed to read DnsConfig.
[1120/185418.814:WARNING:dns_config_service_win.cc(668)] Failed to read DnsConfig.
[1120/185423.826:WARNING:dns_config_service_win.cc(668)] Failed to read DnsConfig.
[1120/185428.846:WARNING:dns_config_service_win.cc(668)] Failed to read DnsConfig.
[1120/185433.863:WARNING:dns_config_service_win.cc(668)] Failed to read DnsConfig.
[1120/185438.876:WARNING:dns_config_service_win.cc(668)] Failed to read DnsConfig.
[1120/185443.888:WARNING:dns_config_service_win.cc(668)] Failed to read DnsConfig.
[1120/185448.906:WARNING:dns_config_service_win.cc(668)] Failed to read DnsConfig.
[1120/185453.919:WARNING:dns_config_service_win.cc(668)] Failed to read DnsConfig.
[1120/185458.936:WARNING:dns_config_service_win.cc(668)] Failed to read DnsConfig.
[1120/185503.940:WARNING:dns_config_service_win.cc(668)] Failed to read DnsConfig.
[1120/185508.954:WARNING:dns_config_service_win.cc(668)] Failed to read DnsConfig.
[1120/185513.970:WARNING:dns_config_service_win.cc(668)] Failed to read DnsConfig.
[1120/185518.988:WARNING:dns_config_service_win.cc(668)] Failed to read DnsConfig.
[1120/185523.998:WARNING:dns_config_service_win.cc(668)] Failed to read DnsConfig.
[1120/185529.016:WARNING:dns_config_service_win.cc(668)] Failed to read DnsConfig.
[1120/185534.028:WARNING:dns_config_service_win.cc(668)] Failed to read DnsConfig.
[1120/185539.072:WARNING:dns_config_service_win.cc(668)] Failed to read DnsConfig.
[1120/185544.084:WARNING:dns_config_service_win.cc(668)] Failed to read DnsConfig.
[1120/215549.889:WARNING:dns_config_service_win.cc(668)] Failed to read DnsConfig.
[1120/215554.908:WARNING:dns_config_service_win.cc(668)] Failed to read DnsConfig.
[1121/151439.054:WARNING:dns_config_service_win.cc(668)] Failed to read DnsConfig.
[1121/151444.065:WARNING:dns_config_service_win.cc(668)] Failed to read DnsConfig.
[1121/174211.890:WARNING:dns_config_service_win.cc(668)] Failed to read DnsConfig.
[1121/174216.897:WARNING:dns_config_service_win.cc(668)] Failed to read DnsConfig.
[1121/174221.911:WARNING:dns_config_service_win.cc(668)] Failed to read DnsConfig.
[1123/181916.889:WARNING:angle_platform_impl.cc(52)] compileToBinary(230): 
C:\fakepath(57,8-58): warning X3571: pow(f, e) will not work for negative f, use abs(f) or conditionally handle negative values if you expect them
C:\fakepath(65,9-43): warning X3571: pow(f, e) will not work for negative f, use abs(f) or conditionally handle negative values if you expect them

[1124/173409.337:WARNING:dns_config_service_win.cc(668)] Failed to read DnsConfig.
[1124/173414.536:WARNING:dns_config_service_win.cc(668)] Failed to read DnsConfig.
[1124/173419.553:WARNING:dns_config_service_win.cc(668)] Failed to read DnsConfig.
[1124/173424.569:WARNING:dns_config_service_win.cc(668)] Failed to read DnsConfig.
[1124/173429.586:WARNING:dns_config_service_win.cc(668)] Failed to read DnsConfig.
[1124/173434.604:WARNING:dns_config_service_win.cc(668)] Failed to read DnsConfig.
[1124/173439.608:WARNING:dns_config_service_win.cc(668)] Failed to read DnsConfig.
[1124/173444.630:WARNING:dns_config_service_win.cc(668)] Failed to read DnsConfig.
[1124/173449.641:WARNING:dns_config_service_win.cc(668)] Failed to read DnsConfig.
[1124/173454.653:WARNING:dns_config_service_win.cc(668)] Failed to read DnsConfig.
[1124/173459.662:WARNING:dns_config_service_win.cc(668)] Failed to read DnsConfig.
[1124/173504.665:WARNING:dns_config_service_win.cc(668)] Failed to read DnsConfig.
[1124/173509.678:WARNING:dns_config_service_win.cc(668)] Failed to read DnsConfig.
[1124/173514.708:WARNING:dns_config_service_win.cc(668)] Failed to read DnsConfig.
[1124/173519.719:WARNING:dns_config_service_win.cc(668)] Failed to read DnsConfig.
[1124/173524.729:WARNING:dns_config_service_win.cc(668)] Failed to read DnsConfig.
[1124/173529.746:WARNING:dns_config_service_win.cc(668)] Failed to read DnsConfig.
[1124/173534.756:WARNING:dns_config_service_win.cc(668)] Failed to read DnsConfig.
[1124/173539.773:WARNING:dns_config_service_win.cc(668)] Failed to read DnsConfig.
[1124/173544.782:WARNING:dns_config_service_win.cc(668)] Failed to read DnsConfig.
[1124/173549.796:WARNING:dns_config_service_win.cc(668)] Failed to read DnsConfig.
[1124/173554.810:WARNING:dns_config_service_win.cc(668)] Failed to read DnsConfig.
[1124/173559.827:WARNING:dns_config_service_win.cc(668)] Failed to read DnsConfig.
[1124/173604.831:WARNING:dns_config_service_win.cc(668)] Failed to read DnsConfig.
[1124/173609.850:WARNING:dns_config_service_win.cc(668)] Failed to read DnsConfig.
[1124/173614.860:WARNING:dns_config_service_win.cc(668)] Failed to read DnsConfig.
[1124/173619.868:WARNING:dns_config_service_win.cc(668)] Failed to read DnsConfig.
[1124/173624.885:WARNING:dns_config_service_win.cc(668)] Failed to read DnsConfig.
[1124/173629.892:WARNING:dns_config_service_win.cc(668)] Failed to read DnsConfig.
[1124/173634.907:WARNING:dns_config_service_win.cc(668)] Failed to read DnsConfig.
[1124/173639.917:WARNING:dns_config_service_win.cc(668)] Failed to read DnsConfig.
[1124/173644.931:WARNING:dns_config_service_win.cc(668)] Failed to read DnsConfig.
[1124/173649.942:WARNING:dns_config_service_win.cc(668)] Failed to read DnsConfig.
[1124/173654.950:WARNING:dns_config_service_win.cc(668)] Failed to read DnsConfig.
[1124/173659.968:WARNING:dns_config_service_win.cc(668)] Failed to read DnsConfig.
[1124/173704.975:WARNING:dns_config_service_win.cc(668)] Failed to read DnsConfig.
[1124/173709.990:WARNING:dns_config_service_win.cc(668)] Failed to read DnsConfig.
[1124/173714.995:WARNING:dns_config_service_win.cc(668)] Failed to read DnsConfig.
[1124/173720.008:WARNING:dns_config_service_win.cc(668)] Failed to read DnsConfig.
[1124/173725.026:WARNING:dns_config_service_win.cc(668)] Failed to read DnsConfig.
[1124/173730.034:WARNING:dns_config_service_win.cc(668)] Failed to read DnsConfig.
[1124/173735.054:WARNING:dns_config_service_win.cc(668)] Failed to read DnsConfig.
[1124/173748.735:WARNING:dns_config_service_win.cc(668)] Failed to read DnsConfig.
